            --------------------------------------------------------
                             AMBER SQM VERSION 19
 
                                     By
              Ross C. Walker, Michael F. Crowley, Scott Brozell,
                         Tim Giese, Andreas W. Goetz,
                        Tai-Sung Lee and David A. Case
 
            --------------------------------------------------------
 

--------------------------------------------------------------------------------
  QM CALCULATION INFO
--------------------------------------------------------------------------------

| QMMM: Citation for AMBER QMMM Run:
| QMMM: R.C. Walker, M.F. Crowley and D.A. Case, J. COMP. CHEM. 29:1019, 2008

QMMM: SINGLET STATE CALCULATION
QMMM: RHF CALCULATION, NO. OF DOUBLY OCCUPIED LEVELS = 29

| QMMM: *** Selected Hamiltonian *** 
| QMMM: AM1         

| QMMM: *** Parameter sets in use ***
| QMMM: N : M.J.S.DEWAR et al. JACS, 107, 3902, (1985)
| QMMM: C : M.J.S.DEWAR et al. JACS, 107, 3902, (1985)
| QMMM: O : M.J.S.DEWAR et al. JACS, 107, 3902, (1985)
| QMMM: H : M.J.S.DEWAR et al. JACS, 107, 3902, (1985)

| QMMM: *** SCF convergence criteria ***
| QMMM: Energy change                :  0.1D-09 kcal/mol
| QMMM: Error matrix |FP-PF|         :  0.1D+00 au
| QMMM: Density matrix change        :  0.5D-06
| QMMM: Maximum number of SCF cycles :     1000

| QMMM: *** Diagonalization Routine Information ***
| QMMM: Pseudo diagonalizations are allowed.
| QMMM: Auto diagonalization routine selection is in use.
| QMMM:
| QMMM: Timing diagonalization routines:
| QMMM:                              norbs =       47
| QMMM:    diag iterations used for timing =       20
| QMMM:
| QMMM:              Internal diag routine = 0.004715 seconds
| QMMM:                 Dspev diag routine = 0.006187 seconds
| QMMM:                Dspevd diag routine = 0.005088 seconds
| QMMM:                Dspevx diag routine = 0.021914 seconds
| QMMM:                 Dsyev diag routine = 0.006658 seconds
| QMMM:                Dsyevd diag routine = 0.005906 seconds
| QMMM:                Dsyevr diag routine = 0.006088 seconds
| QMMM:
| QMMM:                Pseudo diag routine = 0.001116 seconds
| QMMM:
| QMMM: Using internal diagonalization routine (diag_routine=1).

  QMMM: QM Region Cartesian Coordinates (*=link atom) 
  QMMM: QM_NO.   MM_NO.  ATOM         X         Y         Z
  QMMM:     1        1      N       42.8260   42.6010   39.9660
  QMMM:     2        2      C       42.3960   41.2100   39.7130
  QMMM:     3        3      C       40.8780   40.8970   39.9940
  QMMM:     4        4      O       40.1660   41.8240   40.4480
  QMMM:     5        5      C       43.2970   40.1780   40.4520
  QMMM:     6        6      C       44.6850   39.9680   39.8310
  QMMM:     7        7      C       44.7090   39.4250   38.3940
  QMMM:     8        8      O       45.7610   39.6010   37.7490
  QMMM:     9        9      O       43.7160   38.8090   37.9530
  QMMM:    10       10      O       40.5120   39.7400   39.6780
  QMMM:    11       11      H       43.5500   42.8700   39.3110
  QMMM:    12       12      H       42.0580   43.2320   39.7760
  QMMM:    13       13      H       42.4770   41.0570   38.6380
  QMMM:    14       14      H       42.8360   39.1950   40.5550
  QMMM:    15       15      H       43.4490   40.5250   41.4720
  QMMM:    16       16      H       45.2070   39.2410   40.4470
  QMMM:    17       17      H       45.2590   40.8920   39.9010

--------------------------------------------------------------------------------
  RESULTS
--------------------------------------------------------------------------------

      iter         sqm energy              rms gradient
      ----    -------------------    -----------------------
xmin    10     -175.0832 kcal/mol        1.1591 kcal/(mol*A)
xmin    20     -175.9803 kcal/mol        0.4404 kcal/(mol*A)
xmin    30     -176.1247 kcal/mol        0.1716 kcal/(mol*A)
xmin    40     -176.1586 kcal/mol        0.2085 kcal/(mol*A)
xmin    50     -176.4066 kcal/mol        1.0892 kcal/(mol*A)
xmin    60     -177.1185 kcal/mol        0.3724 kcal/(mol*A)
xmin    70     -177.1577 kcal/mol        0.0245 kcal/(mol*A)
xmin    80     -177.1579 kcal/mol        0.0046 kcal/(mol*A)
  ... geometry converged !
 
 Final MO eigenvalues (eV):
 -30.9643  -29.7885  -27.6467  -26.0219  -25.8949  -24.2725  -19.5073  -15.2477
 -12.2022  -11.2966   -9.4247   -9.0200   -7.9877   -7.7189   -7.4970   -6.8626
  -6.4907   -6.0389   -5.7855   -4.9839   -4.7993   -4.2327   -2.3223   -2.1215
  -2.0786   -1.8676   -1.8065   -1.4983   -1.3027   10.6349   10.7393   11.3517
  11.4479   11.6976   11.8182   12.0541   12.1509   12.2761   12.5015   12.6096
  12.7395   13.6873   13.9330   15.5148   15.5689   16.2857   16.4001

 Heat of formation   =       -177.15792585 kcal/mol  (       -7.68214413 eV)

 Total SCF energy    =     -51343.92315855 kcal/mol  (    -2226.43958018 eV)
 Electronic energy   =    -210689.65974560 kcal/mol  (    -9136.18922621 eV)
 Core-core repulsion =     159345.73658705 kcal/mol  (     6909.74964603 eV)
 
    Atomic Charges for Step       1 :
  Atom    Element       Mulliken Charge
     1      N                 -0.347
     2      C                 -0.082
     3      C                  0.330
     4      O                 -0.622
     5      C                 -0.110
     6      C                 -0.206
     7      C                  0.327
     8      O                 -0.609
     9      O                 -0.618
    10      O                 -0.602
    11      H                  0.155
    12      H                  0.121
    13      H                  0.045
    14      H                  0.063
    15      H                  0.063
    16      H                  0.036
    17      H                  0.057
 Total Mulliken Charge =      -2.000
 
                  X        Y        Z     TOTAL  
  QM DIPOLE  -410.361 -389.818 -377.681  680.439
 
 Final Structure

  QMMM: QM Region Cartesian Coordinates (*=link atom) 
  QMMM: QM_NO.   MM_NO.  ATOM         X         Y         Z
  QMMM:     1        1      N       43.0382   42.3532   39.6724
  QMMM:     2        2      C       42.3164   41.0887   39.6592
  QMMM:     3        3      C       40.9107   41.2323   40.3139
  QMMM:     4        4      O       40.1462   42.1455   39.8715
  QMMM:     5        5      C       43.1107   39.9453   40.2946
  QMMM:     6        6      C       44.5794   39.8802   39.9398
  QMMM:     7        7      C       44.8993   39.7969   38.4454
  QMMM:     8        8      O       44.9704   40.8670   37.7654
  QMMM:     9        9      O       45.1567   38.6610   37.9383
  QMMM:    10       10      O       40.5483   40.4303   41.2239
  QMMM:    11       11      H       43.8284   42.2705   39.0530
  QMMM:    12       12      H       42.4217   43.0621   39.3207
  QMMM:    13       13      H       42.1081   40.7732   38.5870
  QMMM:    14       14      H       42.6099   38.9893   39.9892
  QMMM:    15       15      H       43.0109   40.0241   41.4103
  QMMM:    16       16      H       45.0156   38.9715   40.4356
  QMMM:    17       17      H       45.1113   40.7738   40.3578

           --------- Calculation Completed ----------

